15:40:32.461 [main] INFO  org.testng.annotations.Test - ****** finished TC_046 Loan Amount Tenure Input Field ******
15:40:32.644 [main] INFO  org.testng.annotations.Test - ****** Starting TC_047 Loan Amount Tenure Month Button ******
15:40:35.972 [main] INFO  org.testng.annotations.Test - ****** finished TC_047 Loan Amount Tenure Month Button ******
15:40:36.104 [main] INFO  org.testng.annotations.Test - ****** Starting TC_048 Loan Amount Loan Charges Input Field ******
15:40:36.130 [main] INFO  org.testng.annotations.Test - ****** finished TC_048 Loan Amount Loan Charges Input Field ******
15:40:36.359 [main] INFO  org.testng.annotations.Test - ****** Starting TC_049 Loan Amount Loan Charges Input Field ******
15:40:36.659 [main] INFO  org.testng.annotations.Test - ****** finished TC_049 Loan Amount Loan Charges Input Field ******
15:40:36.831 [main] INFO  org.testng.annotations.Test - ****** Starting TC_050 Loan Tenure Calculator Link ******
15:40:36.999 [main] INFO  org.testng.annotations.Test - ****** finished TC_048 Loan Tenure Calculator Link ******
15:40:37.166 [main] INFO  org.testng.annotations.Test - ****** Starting TC_051 Loan Tenure Loan Amount Input Field ******
15:40:37.191 [main] INFO  org.testng.annotations.Test - ****** finished TC_051 Loan Tenure Loan Amount Input Field ******
15:40:37.516 [main] INFO  org.testng.annotations.Test - ****** Starting TC_052 Loan Tenure Loan Amount Input Field ******
15:40:37.897 [main] INFO  org.testng.annotations.Test - ****** finished TC_052 Loan Tenure Loan Amount Input Field ******
15:40:38.071 [main] INFO  org.testng.annotations.Test - ****** Starting TC_053 Loan Tenure EMI Input Field ******
15:40:38.098 [main] INFO  org.testng.annotations.Test - ****** finished TC_053 Loan Tenure EMI Input Field ******
15:40:38.274 [main] INFO  org.testng.annotations.Test - ****** Starting TC_054 Loan Tenure Interest Rate Input Field ******
15:40:38.299 [main] INFO  org.testng.annotations.Test - ****** finished TC_054 Loan Tenure Interest Rate Input Field ******
15:40:38.547 [main] INFO  org.testng.annotations.Test - ****** Starting TC_055 Loan Tenure Interest Rate Input Field ******
15:40:38.859 [main] INFO  org.testng.annotations.Test - ****** finished TC_055 Loan Tenure Interest Rate Input Field ******
15:40:39.046 [main] INFO  org.testng.annotations.Test - ****** Starting TC_056 Loan Tenure Loan Charges Input Field ******
15:40:39.070 [main] INFO  org.testng.annotations.Test - ****** finished TC_056 Loan Tenure Loan Charges Input Field ******
15:40:39.301 [main] INFO  org.testng.annotations.Test - ****** Starting TC_57 Loan Tenure Loan Charges Input Field ******
15:40:39.610 [main] INFO  org.testng.annotations.Test - ****** finished TC_057 Loan Tenure Loan Charges Input Field ******
