11:16:10.748 [main] INFO  org.testng.annotations.Test - Clicking on Loan Calculator Link
11:16:11.441 [main] INFO  org.testng.annotations.Test - ****** finished TC_029 MI Calculator Page ******
11:16:11.672 [main] INFO  org.testng.annotations.Test - ****** Starting TC_030 EMI Calculator Link ******
11:16:11.717 [main] INFO  org.testng.annotations.Test - ****** finished TC_030 EMI Calculator Link ******
11:16:11.932 [main] INFO  org.testng.annotations.Test - ****** Starting TC_031 EMI Calculator Loan Amount Input Field ******
11:16:11.964 [main] INFO  org.testng.annotations.Test - ****** finished TC_031 EMI Calculator Loan Amount Input Field  ******
11:16:12.310 [main] INFO  org.testng.annotations.Test - ****** Starting TC_032 EMI Calculator Loan Amount Input Field ******
11:16:12.715 [main] INFO  org.testng.annotations.Test - ****** finished TC_032 EMI Calculator Loan Amount Input Field  ******
11:16:12.931 [main] INFO  org.testng.annotations.Test - ****** Starting TC_033 EMI Calculator Interest Rate Input Field ******
11:16:12.967 [main] INFO  org.testng.annotations.Test - ****** finished TC_033 EMI Calculator Interest Rate Input Field  ******
11:16:13.322 [main] INFO  org.testng.annotations.Test - ****** Starting TC_034 EMI Calculator Interest Rate Input Field ******
11:16:13.855 [main] INFO  org.testng.annotations.Test - ****** finished TC_034 EMI Calculator Interest Rate Input Field  ******
11:16:14.080 [main] INFO  org.testng.annotations.Test - ****** Starting TC_035 EMI Calculator Loan Tenure Input Field ******
11:16:14.121 [main] INFO  org.testng.annotations.Test - ****** finished TC_035 EMI Calculator Loan Tenure Input Field  ******
11:16:14.515 [main] INFO  org.testng.annotations.Test - ****** Starting TC_036 EMI Calculator Loan Tenure Input Field ******
11:16:15.001 [main] INFO  org.testng.annotations.Test - ****** finished TC_036 EMI Calculator Loan Tenure Input Field  ******
11:16:15.217 [main] INFO  org.testng.annotations.Test - ****** Starting TC_037 EMI Calculator Loan Tenure Month Button ******
11:16:15.360 [main] INFO  org.testng.annotations.Test - Clicking on EMI Calculator Loan Tenure Month Button 
11:16:18.661 [main] INFO  org.testng.annotations.Test - ****** finished TC_037 EMI Calculator Loan Tenure Month Button ******
11:16:18.866 [main] INFO  org.testng.annotations.Test - ****** Starting TC_038 EMI Calculator Loan Charges Input Field ******
11:16:18.910 [main] INFO  org.testng.annotations.Test - ****** finished TC_038 EMI Calculator Loan Charges Input Field  ******
11:16:19.179 [main] INFO  org.testng.annotations.Test - ****** Starting TC_039 EMI Calculator Loan Charges Input Field ******
11:16:19.607 [main] INFO  org.testng.annotations.Test - ****** finished TC_039 EMI Calculator Loan Charges Input Field  ******
11:16:19.793 [main] INFO  org.testng.annotations.Test - ****** Starting TC_040 Loan Amount Calculator Link ******
11:16:20.046 [main] INFO  org.testng.annotations.Test - ****** finished TC_040 Loan Amount Calculator Link  ******
11:16:20.262 [main] INFO  org.testng.annotations.Test - ****** Starting TC_041 Loan Amount EMI Input Field ******
11:16:20.308 [main] INFO  org.testng.annotations.Test - ****** finished TC_041 Loan Amount EMI Input Field ******
11:16:20.641 [main] INFO  org.testng.annotations.Test - ****** Starting TC_042 Loan Amount EMI Input Field ******
11:16:21.191 [main] INFO  org.testng.annotations.Test - ****** finished TC_042 Loan Amount EMI Input Field ******
11:16:21.424 [main] INFO  org.testng.annotations.Test - ****** Starting TC_043 Loan Amount Interest Rate Input Field ******
11:16:21.459 [main] INFO  org.testng.annotations.Test - ****** finished TC_043 Loan Amount Interest Rate Input Field ******
11:16:21.797 [main] INFO  org.testng.annotations.Test - ****** Starting TC_044 Loan Amount Interest Rate Input Field ******
11:16:22.371 [main] INFO  org.testng.annotations.Test - ****** finished TC_044 Loan Amount Interest Rate Input Field ******
11:16:22.559 [main] INFO  org.testng.annotations.Test - ****** Starting TC_045 Loan Amount Tenure Input Field ******
11:16:22.596 [main] INFO  org.testng.annotations.Test - ****** finished TC_045 Loan Amount Tenure Input Field ******
11:16:22.904 [main] INFO  org.testng.annotations.Test - ****** Starting TC_046 Loan Amount Tenure Input Field ******
11:16:23.309 [main] INFO  org.testng.annotations.Test - ****** finished TC_046 Loan Amount Tenure Input Field ******
11:16:23.509 [main] INFO  org.testng.annotations.Test - ****** Starting TC_047 Loan Amount Tenure Month Button ******
11:16:26.823 [main] INFO  org.testng.annotations.Test - ****** finished TC_047 Loan Amount Tenure Month Button ******
11:16:26.998 [main] INFO  org.testng.annotations.Test - ****** Starting TC_048 Loan Amount Loan Charges Input Field ******
11:16:27.026 [main] INFO  org.testng.annotations.Test - ****** finished TC_048 Loan Amount Loan Charges Input Field ******
11:16:27.313 [main] INFO  org.testng.annotations.Test - ****** Starting TC_049 Loan Amount Loan Charges Input Field ******
